Using pre-set license
Built from '2020.3/staging' branch; Version is '2020.3.5f1 (8095aa901b9b) revision 8426922'; Using compiler version '192528614'; Build Type 'Release'
OS: 'Windows 10 Pro; OS build 19041.928; Version 2004; 64bit' Language: 'en' Physical Memory: 16223 MB
BatchMode: 1, IsHumanControllingUs: 0, StartBugReporterOnCrash: 0, Is64bit: 1, IsPro: 0

 COMMAND LINE ARGUMENTS:
C:\Program Files\Unity\Editor\Unity.exe
-adb2
-batchMode
-noUpm
-name
AssetImportWorker0
-projectPath
C:/DementiaGames
-logFile
Logs/AssetImportWorker0.log
-srvPort
57641
Successfully changed project path to: C:/DementiaGames
C:/DementiaGames
Using Asset Import Pipeline V2.
Refreshing native plugins compatible for Editor in 44.95 ms, found 0 plugins.
Preloading 0 native plugins for Editor in 0.00 ms.
Initialize engine version: 2020.3.5f1 (8095aa901b9b)
[Subsystems] Discovering subsystems at path C:/Program Files/Unity/Editor/Data/Resources/UnitySubsystems
[Subsystems] Discovering subsystems at path C:/DementiaGames/Assets
GfxDevice: creating device client; threaded=0
Direct3D:
    Version:  Direct3D 11.0 [level 11.1]
    Renderer: Intel(R) HD Graphics 620 (ID=0x5916)
    Vendor:   
    VRAM:     8111 MB
    Driver:   27.20.100.9466
Initialize mono
Mono path[0] = 'C:/Program Files/Unity/Editor/Data/Managed'
Mono path[1] = 'C:/Program Files/Unity/Editor/Data/MonoBleedingEdge/lib/mono/unityjit'
Mono config path = 'C:/Program Files/Unity/Editor/Data/MonoBleedingEdge/etc'
Using monoOptions --debugger-agent=transport=dt_socket,embedding=1,server=y,suspend=n,address=127.0.0.1:56128
Begin MonoManager ReloadAssembly
Registering precompiled unity dll's ...
Register platform support module: C:/Program Files/Unity/Editor/Data/PlaybackEngines/WindowsStandaloneSupport/UnityEditor.WindowsStandalone.Extensions.dll
Registered in 0.002327 seconds.
Native extension for WindowsStandalone target not found
Refreshing native plugins compatible for Editor in 30.29 ms, found 0 plugins.
Preloading 0 native plugins for Editor in 0.00 ms.
Mono: successfully reloaded assembly
- Completed reload, in  1.276 seconds
Platform modules already initialized, skipping
Registering precompiled user dll's ...
Registered in 0.000767 seconds.
Begin MonoManager ReloadAssembly
Native extension for WindowsStandalone target not found
Refreshing native plugins compatible for Editor in 0.22 ms, found 0 plugins.
Preloading 0 native plugins for Editor in 0.00 ms.
Mono: successfully reloaded assembly
- Completed reload, in  0.940 seconds
Platform modules already initialized, skipping
========================================================================
Worker process is ready to serve import requests
Launched and connected shader compiler UnityShaderCompiler.exe after 0.06 seconds
Refreshing native plugins compatible for Editor in 0.21 ms, found 0 plugins.
Preloading 0 native plugins for Editor in 0.00 ms.
Unloading 1195 Unused Serialized files (Serialized files now loaded: 0)
System memory in use before: 59.3 MB.
System memory in use after: 59.4 MB.

Unloading 13 unused Assets to reduce memory usage. Loaded Objects now: 1639.
Total: 1.705200 ms (FindLiveObjects: 0.123800 ms CreateObjectMapping: 0.030000 ms MarkObjects: 1.499200 ms  DeleteObjects: 0.051200 ms)

========================================================================
Received Import Request.
  path: Assets/Quiz/Resources/Card_Moon.png
  artifactKey: Guid(a827599331bf67d45a96955f6aa7ed24) Importer(815301076,1909f56bfc062723c751e8b465ee728b)
Start importing Assets/Quiz/Resources/Card_Moon.png using Guid(a827599331bf67d45a96955f6aa7ed24) Importer(815301076,1909f56bfc062723c751e8b465ee728b)  -> (artifact id: '3b9425221728d81e293868096b65117d') in 0.129806 seconds
  Import took 0.132094 seconds .

========================================================================
Received Import Request.
  Time since last request: 7.807450 seconds.
  path: Assets/Quiz/Resources/Card_Moon.png
  artifactKey: Guid(a827599331bf67d45a96955f6aa7ed24) Importer(815301076,1909f56bfc062723c751e8b465ee728b)
Start importing Assets/Quiz/Resources/Card_Moon.png using Guid(a827599331bf67d45a96955f6aa7ed24) Importer(815301076,1909f56bfc062723c751e8b465ee728b)  -> (artifact id: '3b9425221728d81e293868096b65117d') in 0.024437 seconds
  Import took 0.028404 seconds .

AssetImportWorkerClient::OnTransportError - code=2 error=End of file
